Cloud-init v. 24.3.1-0ubuntu0~24.04.1 running 'init-local' at Sun, 17 Nov 2024 18:16:24 +0000. Up 7.86 seconds.
Cloud-init v. 24.3.1-0ubuntu0~24.04.1 running 'init' at Sun, 17 Nov 2024 18:16:28 +0000. Up 11.88 seconds.
ci-info: ++++++++++++++++++++++++++++++++++++++Net device info+++++++++++++++++++++++++++++++++++++++
ci-info: +--------+------+-----------------------------+---------------+--------+-------------------+
ci-info: | Device |  Up  |           Address           |      Mask     | Scope  |     Hw-Address    |
ci-info: +--------+------+-----------------------------+---------------+--------+-------------------+
ci-info: |  enX0  | True |        172.31.22.195        | 255.255.240.0 | global | 0a:ff:c1:6c:eb:61 |
ci-info: |  enX0  | True | fe80::8ff:c1ff:fe6c:eb61/64 |       .       |  link  | 0a:ff:c1:6c:eb:61 |
ci-info: |   lo   | True |          127.0.0.1          |   255.0.0.0   |  host  |         .         |
ci-info: |   lo   | True |           ::1/128           |       .       |  host  |         .         |
ci-info: +--------+------+-----------------------------+---------------+--------+-------------------+
ci-info: ++++++++++++++++++++++++++++++Route IPv4 info++++++++++++++++++++++++++++++
ci-info: +-------+-------------+-------------+-----------------+-----------+-------+
ci-info: | Route | Destination |   Gateway   |     Genmask     | Interface | Flags |
ci-info: +-------+-------------+-------------+-----------------+-----------+-------+
ci-info: |   0   |   0.0.0.0   | 172.31.16.1 |     0.0.0.0     |    enX0   |   UG  |
ci-info: |   1   |  172.31.0.2 | 172.31.16.1 | 255.255.255.255 |    enX0   |  UGH  |
ci-info: |   2   | 172.31.16.0 |   0.0.0.0   |  255.255.240.0  |    enX0   |   U   |
ci-info: |   3   | 172.31.16.1 |   0.0.0.0   | 255.255.255.255 |    enX0   |   UH  |
ci-info: +-------+-------------+-------------+-----------------+-----------+-------+
ci-info: +++++++++++++++++++Route IPv6 info+++++++++++++++++++
ci-info: +-------+-------------+---------+-----------+-------+
ci-info: | Route | Destination | Gateway | Interface | Flags |
ci-info: +-------+-------------+---------+-----------+-------+
ci-info: |   0   |  fe80::/64  |    ::   |    enX0   |   U   |
ci-info: |   2   |    local    |    ::   |    enX0   |   U   |
ci-info: |   3   |  multicast  |    ::   |    enX0   |   U   |
ci-info: +-------+-------------+---------+-----------+-------+
2024-11-17 18:16:28,935 - schema.py[WARNING]: cloud-config failed schema validation! You may run 'sudo cloud-init schema --system' to check the details.
Generating public/private rsa key pair.
Your identification has been saved in /etc/ssh/ssh_host_rsa_key
Your public key has been saved in /etc/ssh/ssh_host_rsa_key.pub
The key fingerprint is:
SHA256:cguvkAWrJeXJuL9+Ok2BhLHj7hU4Vz9ZA1r2BLyL96M root@ip-172-31-22-195
The key's randomart image is:
+---[RSA 3072]----+
|  .o   .=..      |
|  ...  +.+       |
|  o.o.o  .+      |
| . B.=...o .     |
|  * O +oS.       |
| . B +o=oo       |
|  + +o .o.       |
| . o..o.  o      |
|  ..==. E. .     |
+----[SHA256]-----+
Generating public/private ecdsa key pair.
Your identification has been saved in /etc/ssh/ssh_host_ecdsa_key
Your public key has been saved in /etc/ssh/ssh_host_ecdsa_key.pub
The key fingerprint is:
SHA256:2e4x4JSfmJcR0YSbhWQ/q7+tW5vwulYUz8JzJmpgFPU root@ip-172-31-22-195
The key's randomart image is:
+---[ECDSA 256]---+
|         .=Bo    |
|         .+oo..  |
|         ..+o.E+ |
|         +=. o* =|
|        S.o..o * |
|       o * =o .  |
|        + X....  |
|         o +.= o |
|          ..B*=  |
+----[SHA256]-----+
Generating public/private ed25519 key pair.
Your identification has been saved in /etc/ssh/ssh_host_ed25519_key
Your public key has been saved in /etc/ssh/ssh_host_ed25519_key.pub
The key fingerprint is:
SHA256:pmYIqm88EUSO/NCV7bVZ1oymocHGlJxcw9FXcXtvFQ0 root@ip-172-31-22-195
The key's randomart image is:
+--[ED25519 256]--+
| ..  .O.=+o + E=+|
|.oo .. @ +.* +  =|
|.+..  o + O .  .o|
|  +    o +      +|
|  .o    S       o|
| ... . o       . |
|.. .. +          |
|. +  o           |
|.o..             |
+----[SHA256]-----+
Cloud-init v. 24.3.1-0ubuntu0~24.04.1 running 'modules:config' at Sun, 17 Nov 2024 18:16:32 +0000. Up 15.16 seconds.
Cloud-init v. 24.3.1-0ubuntu0~24.04.1 running 'modules:final' at Sun, 17 Nov 2024 18:16:35 +0000. Up 18.82 seconds.
Hit:1 http://us-east-1.ec2.archive.ubuntu.com/ubuntu noble InRelease
Get:2 http://us-east-1.ec2.archive.ubuntu.com/ubuntu noble-updates InRelease [126 kB]
Get:3 http://us-east-1.ec2.archive.ubuntu.com/ubuntu noble-backports InRelease [126 kB]
Get:4 http://security.ubuntu.com/ubuntu noble-security InRelease [126 kB]
Get:5 http://us-east-1.ec2.archive.ubuntu.com/ubuntu noble/universe amd64 Packages [15.0 MB]
Get:6 http://security.ubuntu.com/ubuntu noble-security/main amd64 Packages [466 kB]
Get:7 http://us-east-1.ec2.archive.ubuntu.com/ubuntu noble/universe Translation-en [5982 kB]